2024-11-16T08:27:00,390 - WorkerLoadTime.Milliseconds:996.0|#WorkerName:W-9000-simple_linear_1.0,Level:Host|#hostname:Macmini.hsd1.wa.comcast.net,timestamp:1731774420
2024-11-16T08:27:00,391 - WorkerThreadTime.Milliseconds:2.0|#Level:Host|#hostname:Macmini.hsd1.wa.comcast.net,timestamp:1731774420
2024-11-16T08:30:54,709 - ts_inference_requests_total.Count:1.0|#model_name:simple_linear,model_version:default|#hostname:Macmini.hsd1.wa.comcast.net,timestamp:1731774654
2024-11-16T08:30:54,741 - Requests2XX.Count:1.0|#Level:Host|#hostname:Macmini.hsd1.wa.comcast.net,timestamp:1731774654
2024-11-16T08:30:54,741 - ts_inference_latency_microseconds.Microseconds:27330.667|#model_name:simple_linear,model_version:default|#hostname:Macmini.hsd1.wa.comcast.net,timestamp:1731774654
2024-11-16T08:30:54,741 - ts_queue_latency_microseconds.Microseconds:150.292|#model_name:simple_linear,model_version:default|#hostname:Macmini.hsd1.wa.comcast.net,timestamp:1731774654
2024-11-16T08:30:54,742 - QueueTime.Milliseconds:0.0|#Level:Host|#hostname:Macmini.hsd1.wa.comcast.net,timestamp:1731774654
2024-11-16T08:30:54,742 - WorkerThreadTime.Milliseconds:5.0|#Level:Host|#hostname:Macmini.hsd1.wa.comcast.net,timestamp:1731774654
2024-11-16T08:51:03,188 - Requests2XX.Count:1.0|#Level:Host|#hostname:Macmini.hsd1.wa.comcast.net,timestamp:1731775863
2024-11-16T08:51:11,997 - Requests2XX.Count:1.0|#Level:Host|#hostname:Macmini.hsd1.wa.comcast.net,timestamp:1731775871
2024-11-16T08:51:43,281 - Requests2XX.Count:1.0|#Level:Host|#hostname:Macmini.hsd1.wa.comcast.net,timestamp:1731775903
2024-11-16T08:52:00,156 - Requests2XX.Count:1.0|#Level:Host|#hostname:Macmini.hsd1.wa.comcast.net,timestamp:1731775920
2024-11-16T08:54:34,961 - ts_inference_requests_total.Count:1.0|#model_name:simple_linear,model_version:default|#hostname:Macmini.hsd1.wa.comcast.net,timestamp:1731776074
2024-11-16T08:54:34,986 - Requests2XX.Count:1.0|#Level:Host|#hostname:Macmini.hsd1.wa.comcast.net,timestamp:1731776074
2024-11-16T08:54:34,986 - ts_inference_latency_microseconds.Microseconds:24100.0|#model_name:simple_linear,model_version:default|#hostname:Macmini.hsd1.wa.comcast.net,timestamp:1731776074
2024-11-16T08:54:34,987 - ts_queue_latency_microseconds.Microseconds:133.458|#model_name:simple_linear,model_version:default|#hostname:Macmini.hsd1.wa.comcast.net,timestamp:1731776074
2024-11-16T08:54:34,987 - QueueTime.Milliseconds:0.0|#Level:Host|#hostname:Macmini.hsd1.wa.comcast.net,timestamp:1731776074
2024-11-16T08:54:34,987 - WorkerThreadTime.Milliseconds:1.0|#Level:Host|#hostname:Macmini.hsd1.wa.comcast.net,timestamp:1731776074
2024-11-16T08:55:29,079 - Requests2XX.Count:1.0|#Level:Host|#hostname:Macmini.hsd1.wa.comcast.net,timestamp:1731776129
2024-11-16T08:56:14,072 - Requests2XX.Count:1.0|#Level:Host|#hostname:Macmini.hsd1.wa.comcast.net,timestamp:1731776174
2024-11-16T08:58:53,713 - Requests2XX.Count:1.0|#Level:Host|#hostname:Macmini.hsd1.wa.comcast.net,timestamp:1731776333
